Build started 9/24/2012 8:23:11 PM.
     1>Project "C:\Users\Beans_admin\Desktop\school\YEAR 4 SEM 1\CS2103\CS2103 project\Intellisense test\Intellisense test\Intellisense test\Intellisense test.vcxproj" on node 2 (build target(s)).
     1>InitializeBuildStatus:
         Creating "Release\Intellisense test.unsuccessfulbuild" because "AlwaysCreate" was specified.
       ClCompile:
         C:\Windows\system32\CL.exe /c /Zi /nologo /W3 /WX- /O2 /Oi /Oy- /GL /D WIN32 /D NDEBUG /D _CONSOLE /D _UNICODE /D UNICODE /Gm- /EHsc /MD /GS /Gy /fp:precise /Zc:wchar_t /Zc:forScope /Fo"Release\\" /Fd"Release\vc100.pdb" /Gd /TP /analyze- /errorReport:prompt "Intellisense test.cpp" Intellisense.cpp
         Intellisense test.cpp
         Intellisense.cpp
     1>Intellisense.cpp(231): error C3861: 'isDate': identifier not found
     1>Intellisense.cpp(272): warning C4018: '<' : signed/unsigned mismatch
     1>Intellisense.cpp(286): warning C4996: 'strcpy': This function or variable may be unsafe. Consider using strcpy_s instead. To disable deprecation, use _CRT_SECURE_NO_WARNINGS. See online help for details.
                 c:\Program Files (x86)\Microsoft Visual Studio 10.0\VC\include\string.h(105) : see declaration of 'strcpy'
     1>Done Building Project "C:\Users\Beans_admin\Desktop\school\YEAR 4 SEM 1\CS2103\CS2103 project\Intellisense test\Intellisense test\Intellisense test\Intellisense test.vcxproj" (build target(s)) -- FAILED.

Build FAILED.

Time Elapsed 00:00:00.88
